error t=2018-02-24T14:39:33.356Z Cinnamon Software Rendering mode enabled
info t=2018-02-24T14:39:33.416Z Cinnamon.AppSystem.get_default() started in 59 ms
info t=2018-02-24T14:39:33.420Z loading default theme
info t=2018-02-24T14:39:33.487Z PlacesManager: Updating devices
info t=2018-02-24T14:39:33.502Z loaded at Sat Feb 24 2018 15:39:33 GMT+0100 (CET)
info t=2018-02-24T14:39:33.511Z Loaded applet systray@cinnamon.org in 7 ms
info t=2018-02-24T14:39:33.764Z Loaded applet menu@cinnamon.org in 251 ms
info t=2018-02-24T14:39:33.840Z Role locked: panellauncher
info t=2018-02-24T14:39:33.841Z Loaded applet panel-launchers@cinnamon.org in 76 ms
info t=2018-02-24T14:39:33.853Z Loaded applet window-list@cinnamon.org in 10 ms
info t=2018-02-24T14:39:33.868Z Loaded applet keyboard@cinnamon.org in 14 ms
info t=2018-02-24T14:39:33.875Z Role locked: notifications
info t=2018-02-24T14:39:33.878Z Loaded applet notifications@cinnamon.org in 9 ms
info t=2018-02-24T14:39:33.885Z Loaded applet removable-drives@cinnamon.org in 6 ms
info t=2018-02-24T14:39:33.903Z Loaded applet user@cinnamon.org in 17 ms
info t=2018-02-24T14:39:33.917Z Loaded applet power@cinnamon.org in 13 ms
info t=2018-02-24T14:39:33.971Z Loaded applet sound@cinnamon.org in 53 ms
info t=2018-02-24T14:39:33.996Z Loaded applet calendar@cinnamon.org in 24 ms
info t=2018-02-24T14:39:34.073Z Loaded applet multicore-sys-monitor@ccadeptic23 in 76 ms
info t=2018-02-24T14:39:34.073Z AppletManager.init() started in 571 ms
info t=2018-02-24T14:39:34.148Z Cinnamon took 799 ms to start
info t=2018-02-24T14:39:34.777Z Adding systray: netspeed (24x24px)
info t=2018-02-24T14:39:34.778Z Adding systray: multiload (24x24px)
info t=2018-02-24T14:39:34.779Z Adding systray: network (24x24px)
info t=2018-02-24T14:39:34.781Z Adding systray: fluxgui-indicator (24x24px)
info t=2018-02-24T14:39:34.782Z Adding systray: unknown (24x24px)
info t=2018-02-24T14:39:38.952Z Adding systray: blueberry-tray.py (24x24px)
info t=2018-02-24T13:39:54.267Z Adding systray: mintupdate.py (24x24px)
info t=2018-02-24T13:40:30.480Z PlacesManager: Updating devices
